<?xml version="1.0" encoding="UTF-8"?>
<testng-results skipped="0" failed="0" ignored="0" total="1" passed="1">
  <reporter-output>
  </reporter-output>
  <suite name="Default suite" duration-ms="4072" started-at="2023-01-25T10:05:29 CST" finished-at="2023-01-25T10:05:33 CST">
    <groups>
    </groups>
    <test name="Default test" duration-ms="4072" started-at="2023-01-25T10:05:29 CST" finished-at="2023-01-25T10:05:33 CST">
      <class name="test.LoginTest">
        <test-method status="PASS" signature="validUserShouldBeAbleToLogin()[pri:0, instance:test.LoginTest@1e965684]" name="validUserShouldBeAbleToLogin" duration-ms="4044" started-at="2023-01-25T10:05:29 CST" finished-at="2023-01-25T10:05:33 CST">
          <reporter-output>
          </reporter-output>
        </test-method> <!-- validUserShouldBeAbleToLogin -->
      </class> <!-- test.LoginTest -->
    </test> <!-- Default test -->
  </suite> <!-- Default suite -->
</testng-results>
